0 info it worked if it ends with ok
1 verbose cli [
1 verbose cli   '/Users/enduser/.nvm/versions/node/v13.5.0/bin/node',
1 verbose cli   '/Users/enduser/.npm-packages/bin/npm',
1 verbose cli   'run',
1 verbose cli   'publish'
1 verbose cli ]
2 info using npm@3.10.6
3 info using node@v13.5.0
4 verbose run-script [ 'prepublish', 'publish', 'postpublish' ]
5 info lifecycle hw-utils@1.0.5~prepublish: hw-utils@1.0.5
6 silly lifecycle hw-utils@1.0.5~prepublish: no script for prepublish, continuing
7 info lifecycle hw-utils@1.0.5~publish: hw-utils@1.0.5
8 verbose lifecycle hw-utils@1.0.5~publish: unsafe-perm in lifecycle true
9 verbose lifecycle hw-utils@1.0.5~publish: PATH: /Users/enduser/.npm-packages/lib/node_modules/npm/bin/node-gyp-bin:/Users/enduser/Desktop/apps/hw-utils/node_modules/.bin:/Users/enduser/.npm-packages/bin:/Users/enduser/.nvm/versions/node/v13.5.0/bin:/Users/enduser/.npm-packages/bin:/usr/local/bin:/usr/bin:/bin:/usr/sbin:/sbin:/opt/X11/bin
10 verbose lifecycle hw-utils@1.0.5~publish: CWD: /Users/enduser/Desktop/apps/hw-utils
11 silly lifecycle hw-utils@1.0.5~publish: Args: [ '-c', 'webpack --mode production && npm publish' ]
12 silly lifecycle hw-utils@1.0.5~publish: Returned: code: 1  signal: null
13 info lifecycle hw-utils@1.0.5~publish: Failed to exec publish script
14 verbose stack Error: hw-utils@1.0.5 publish: `webpack --mode production && npm publish`
14 verbose stack Exit status 1
14 verbose stack     at EventEmitter.<anonymous> (/Users/enduser/.npm-packages/lib/node_modules/npm/lib/utils/lifecycle.js:255:16)
14 verbose stack     at EventEmitter.emit (events.js:305:20)
14 verbose stack     at ChildProcess.<anonymous> (/Users/enduser/.npm-packages/lib/node_modules/npm/lib/utils/spawn.js:40:14)
14 verbose stack     at ChildProcess.emit (events.js:305:20)
14 verbose stack     at maybeClose (internal/child_process.js:1028:16)
14 verbose stack     at Process.ChildProcess._handle.onexit (internal/child_process.js:286:5)
15 verbose pkgid hw-utils@1.0.5
16 verbose cwd /Users/enduser/Desktop/apps/hw-utils
17 error Darwin 18.7.0
18 error argv "/Users/enduser/.nvm/versions/node/v13.5.0/bin/node" "/Users/enduser/.npm-packages/bin/npm" "run" "publish"
19 error node v13.5.0
20 error npm  v3.10.6
21 error code ELIFECYCLE
22 error hw-utils@1.0.5 publish: `webpack --mode production && npm publish`
22 error Exit status 1
23 error Failed at the hw-utils@1.0.5 publish script 'webpack --mode production && npm publish'.
23 error Make sure you have the latest version of node.js and npm installed.
23 error If you do, this is most likely a problem with the hw-utils package,
23 error not with npm itself.
23 error Tell the author that this fails on your system:
23 error     webpack --mode production && npm publish
23 error You can get information on how to open an issue for this project with:
23 error     npm bugs hw-utils
23 error Or if that isn't available, you can get their info via:
23 error     npm owner ls hw-utils
23 error There is likely additional logging output above.
24 verbose exit [ 1, true ]
